<?xml version="1.0" encoding="UTF-8"?>
<testng-results skipped="0" failed="0" ignored="0" total="2" passed="2">
  <reporter-output>
  </reporter-output>
  <suite name="Default suite" duration-ms="639" started-at="2018-03-22T11:26:21Z" finished-at="2018-03-22T11:26:22Z">
    <groups>
    </groups>
    <test name="Default test" duration-ms="639" started-at="2018-03-22T11:26:21Z" finished-at="2018-03-22T11:26:22Z">
      <class name="unittest.DataProviderTest">
        <test-method status="PASS" signature="testconfig()[pri:0, instance:unittest.DataProviderTest@7fa833]" name="testconfig" duration-ms="14" started-at="2018-03-22T16:56:21Z" finished-at="2018-03-22T16:56:21Z">
          <reporter-output>
          </reporter-output>
        </test-method> <!-- testconfig -->
        <test-method status="PASS" signature="testexceldata()[pri:0, instance:unittest.DataProviderTest@7fa833]" name="testexceldata" duration-ms="598" started-at="2018-03-22T16:56:21Z" finished-at="2018-03-22T16:56:22Z">
          <reporter-output>
          </reporter-output>
        </test-method> <!-- testexceldata -->
      </class> <!-- unittest.DataProviderTest -->
    </test> <!-- Default test -->
  </suite> <!-- Default suite -->
</testng-results>
